[debug] [2019-12-26T16:31:24.870Z] ----------------------------------------------------------------------
[debug] [2019-12-26T16:31:24.872Z] Command:       /Users/moriokameda/.nodebrew/node/v12.13.1/bin/node /Users/moriokameda/.nodebrew/current/bin/firebase init--
[debug] [2019-12-26T16:31:24.872Z] CLI Version:   7.11.0
[debug] [2019-12-26T16:31:24.872Z] Platform:      darwin
[debug] [2019-12-26T16:31:24.872Z] Node Version:  v12.13.1
[debug] [2019-12-26T16:31:24.872Z] Time:          Fri Dec 27 2019 01:31:24 GMT+0900 (GMT+09:00)
[debug] [2019-12-26T16:31:24.872Z] ----------------------------------------------------------------------
[debug] [2019-12-26T16:31:24.872Z] 
[error] Error: [object Object] is not a Firebase command
[debug] [2019-12-26T16:31:24.879Z] TypeError: str.toLowerCase is not a function
    at didYouMean (/Users/moriokameda/.nodebrew/node/v12.13.1/lib/node_modules/firebase-tools/node_modules/didyoumean/didYouMean-1.2.1.js:147:48)
    at suggestCommands (/Users/moriokameda/.nodebrew/node/v12.13.1/lib/node_modules/firebase-tools/lib/index.js:28:22)
    at Command.<anonymous> (/Users/moriokameda/.nodebrew/node/v12.13.1/lib/node_modules/firebase-tools/lib/index.js:57:14)
    at Command.listener (/Users/moriokameda/.nodebrew/node/v12.13.1/lib/node_modules/firebase-tools/node_modules/commander/index.js:360:8)
    at Command.emit (events.js:210:5)
    at Command.EventEmitter.emit (domain.js:475:20)
    at Command.parseArgs (/Users/moriokameda/.nodebrew/node/v12.13.1/lib/node_modules/firebase-tools/node_modules/commander/index.js:801:12)
    at Command.parse (/Users/moriokameda/.nodebrew/node/v12.13.1/lib/node_modules/firebase-tools/node_modules/commander/index.js:563:21)
    at Object.<anonymous> (/Users/moriokameda/.nodebrew/node/v12.13.1/lib/node_modules/firebase-tools/lib/bin/firebase.js:98:22)
    at Module._compile (internal/modules/cjs/loader.js:959:30)
    at Object.Module._extensions..js (internal/modules/cjs/loader.js:995:10)
    at Module.load (internal/modules/cjs/loader.js:815:32)
    at Function.Module._load (internal/modules/cjs/loader.js:727:14)
    at Function.Module.runMain (internal/modules/cjs/loader.js:1047:10)
    at internal/main/run_main_module.js:17:11
[error] 
[error] Error: An unexpected error has occurred.
[debug] [2019-12-26T16:32:10.925Z] ----------------------------------------------------------------------
[debug] [2019-12-26T16:32:10.926Z] Command:       /Users/moriokameda/.nodebrew/node/v12.13.1/bin/node /Users/moriokameda/.nodebrew/current/bin/firebase init--project
[debug] [2019-12-26T16:32:10.926Z] CLI Version:   7.11.0
[debug] [2019-12-26T16:32:10.926Z] Platform:      darwin
[debug] [2019-12-26T16:32:10.926Z] Node Version:  v12.13.1
[debug] [2019-12-26T16:32:10.927Z] Time:          Fri Dec 27 2019 01:32:10 GMT+0900 (GMT+09:00)
[debug] [2019-12-26T16:32:10.927Z] ----------------------------------------------------------------------
[debug] [2019-12-26T16:32:10.927Z] 
[error] Error: [object Object] is not a Firebase command
[debug] [2019-12-26T16:32:10.929Z] TypeError: str.toLowerCase is not a function
    at didYouMean (/Users/moriokameda/.nodebrew/node/v12.13.1/lib/node_modules/firebase-tools/node_modules/didyoumean/didYouMean-1.2.1.js:147:48)
    at suggestCommands (/Users/moriokameda/.nodebrew/node/v12.13.1/lib/node_modules/firebase-tools/lib/index.js:28:22)
    at Command.<anonymous> (/Users/moriokameda/.nodebrew/node/v12.13.1/lib/node_modules/firebase-tools/lib/index.js:57:14)
    at Command.listener (/Users/moriokameda/.nodebrew/node/v12.13.1/lib/node_modules/firebase-tools/node_modules/commander/index.js:360:8)
    at Command.emit (events.js:210:5)
    at Command.EventEmitter.emit (domain.js:475:20)
    at Command.parseArgs (/Users/moriokameda/.nodebrew/node/v12.13.1/lib/node_modules/firebase-tools/node_modules/commander/index.js:801:12)
    at Command.parse (/Users/moriokameda/.nodebrew/node/v12.13.1/lib/node_modules/firebase-tools/node_modules/commander/index.js:563:21)
    at Object.<anonymous> (/Users/moriokameda/.nodebrew/node/v12.13.1/lib/node_modules/firebase-tools/lib/bin/firebase.js:98:22)
    at Module._compile (internal/modules/cjs/loader.js:959:30)
    at Object.Module._extensions..js (internal/modules/cjs/loader.js:995:10)
    at Module.load (internal/modules/cjs/loader.js:815:32)
    at Function.Module._load (internal/modules/cjs/loader.js:727:14)
    at Function.Module.runMain (internal/modules/cjs/loader.js:1047:10)
    at internal/main/run_main_module.js:17:11
[error] 
[error] Error: An unexpected error has occurred.
[debug] [2019-12-26T16:32:35.769Z] ----------------------------------------------------------------------
[debug] [2019-12-26T16:32:35.770Z] Command:       /Users/moriokameda/.nodebrew/node/v12.13.1/bin/node /Users/moriokameda/.nodebrew/current/bin/firebase init--project=MyJSPractice
[debug] [2019-12-26T16:32:35.770Z] CLI Version:   7.11.0
[debug] [2019-12-26T16:32:35.770Z] Platform:      darwin
[debug] [2019-12-26T16:32:35.770Z] Node Version:  v12.13.1
[debug] [2019-12-26T16:32:35.771Z] Time:          Fri Dec 27 2019 01:32:35 GMT+0900 (GMT+09:00)
[debug] [2019-12-26T16:32:35.771Z] ----------------------------------------------------------------------
[debug] [2019-12-26T16:32:35.771Z] 
[error] Error: [object Object] is not a Firebase command
[debug] [2019-12-26T16:32:35.773Z] TypeError: str.toLowerCase is not a function
    at didYouMean (/Users/moriokameda/.nodebrew/node/v12.13.1/lib/node_modules/firebase-tools/node_modules/didyoumean/didYouMean-1.2.1.js:147:48)
    at suggestCommands (/Users/moriokameda/.nodebrew/node/v12.13.1/lib/node_modules/firebase-tools/lib/index.js:28:22)
    at Command.<anonymous> (/Users/moriokameda/.nodebrew/node/v12.13.1/lib/node_modules/firebase-tools/lib/index.js:57:14)
    at Command.listener (/Users/moriokameda/.nodebrew/node/v12.13.1/lib/node_modules/firebase-tools/node_modules/commander/index.js:360:8)
    at Command.emit (events.js:210:5)
    at Command.EventEmitter.emit (domain.js:475:20)
    at Command.parseArgs (/Users/moriokameda/.nodebrew/node/v12.13.1/lib/node_modules/firebase-tools/node_modules/commander/index.js:801:12)
    at Command.parse (/Users/moriokameda/.nodebrew/node/v12.13.1/lib/node_modules/firebase-tools/node_modules/commander/index.js:563:21)
    at Object.<anonymous> (/Users/moriokameda/.nodebrew/node/v12.13.1/lib/node_modules/firebase-tools/lib/bin/firebase.js:98:22)
    at Module._compile (internal/modules/cjs/loader.js:959:30)
    at Object.Module._extensions..js (internal/modules/cjs/loader.js:995:10)
    at Module.load (internal/modules/cjs/loader.js:815:32)
    at Function.Module._load (internal/modules/cjs/loader.js:727:14)
    at Function.Module.runMain (internal/modules/cjs/loader.js:1047:10)
    at internal/main/run_main_module.js:17:11
[error] 
[error] Error: An unexpected error has occurred.
[debug] [2019-12-26T16:32:50.929Z] ----------------------------------------------------------------------
[debug] [2019-12-26T16:32:50.930Z] Command:       /Users/moriokameda/.nodebrew/node/v12.13.1/bin/node /Users/moriokameda/.nodebrew/current/bin/firebase init--project=ng-test
[debug] [2019-12-26T16:32:50.930Z] CLI Version:   7.11.0
[debug] [2019-12-26T16:32:50.930Z] Platform:      darwin
[debug] [2019-12-26T16:32:50.930Z] Node Version:  v12.13.1
[debug] [2019-12-26T16:32:50.930Z] Time:          Fri Dec 27 2019 01:32:50 GMT+0900 (GMT+09:00)
[debug] [2019-12-26T16:32:50.930Z] ----------------------------------------------------------------------
[debug] [2019-12-26T16:32:50.930Z] 
[error] Error: [object Object] is not a Firebase command
[debug] [2019-12-26T16:32:50.933Z] TypeError: str.toLowerCase is not a function
    at didYouMean (/Users/moriokameda/.nodebrew/node/v12.13.1/lib/node_modules/firebase-tools/node_modules/didyoumean/didYouMean-1.2.1.js:147:48)
    at suggestCommands (/Users/moriokameda/.nodebrew/node/v12.13.1/lib/node_modules/firebase-tools/lib/index.js:28:22)
    at Command.<anonymous> (/Users/moriokameda/.nodebrew/node/v12.13.1/lib/node_modules/firebase-tools/lib/index.js:57:14)
    at Command.listener (/Users/moriokameda/.nodebrew/node/v12.13.1/lib/node_modules/firebase-tools/node_modules/commander/index.js:360:8)
    at Command.emit (events.js:210:5)
    at Command.EventEmitter.emit (domain.js:475:20)
    at Command.parseArgs (/Users/moriokameda/.nodebrew/node/v12.13.1/lib/node_modules/firebase-tools/node_modules/commander/index.js:801:12)
    at Command.parse (/Users/moriokameda/.nodebrew/node/v12.13.1/lib/node_modules/firebase-tools/node_modules/commander/index.js:563:21)
    at Object.<anonymous> (/Users/moriokameda/.nodebrew/node/v12.13.1/lib/node_modules/firebase-tools/lib/bin/firebase.js:98:22)
    at Module._compile (internal/modules/cjs/loader.js:959:30)
    at Object.Module._extensions..js (internal/modules/cjs/loader.js:995:10)
    at Module.load (internal/modules/cjs/loader.js:815:32)
    at Function.Module._load (internal/modules/cjs/loader.js:727:14)
    at Function.Module.runMain (internal/modules/cjs/loader.js:1047:10)
    at internal/main/run_main_module.js:17:11
[error] 
[error] Error: An unexpected error has occurred.
